<?xml version="1.0" encoding="UTF-8" ?>
<testsuite tests="5" failures="0" name="com.ghost.test.brainstorming.web.IdeaCompositeTest" time="0.119" errors="0" skipped="0">
  <properties>
[...]
</properties>
  <testcase classname="com.ghost.test.brainstorming.web.IdeaCompositeTest" name="scenario1" time="0.004"/>
  <testcase classname="com.ghost.test.brainstorming.web.IdeaCompositeTest" name="scenario2" time="0.009"/>
  <testcase classname="com.ghost.test.brainstorming.web.IdeaCompositeTest" name="scenario3" time="0"/>
  <testcase classname="com.ghost.test.brainstorming.web.IdeaCompositeTest" name="scenario4" time="0"/>
  <testcase classname="com.ghost.test.brainstorming.web.IdeaCompositeTest" name="scenario5" time="0"/>
</testsuite>